86306
119129
152055
332372
379524
400549
445257
494911
512188
514778
588357
596757
597070
607276
625862
693623
721972
846253
851561
876499
921328
951128
955650
1026279
1030574
1076574
1078141
1146042
1246832
1249322
1254961
1269850
1358508
1439108
1453707
1485748
1656956
1667332
1795316
1798231
1949456
1990219
1998650
2015776
2049437
2126449
2248882
2249773
2279769
2398483
2400820
2450492
2487584
2517846
2703502
2703615
2784741
2823620
2915405
3017768
3038583
3087176
3248436
3250775
3256816
3300548
3395068
3444609
3516245
3533964
3637368
3717801
3845723
3948817
3986846
3998979
4083320
4124974
4147727
4163378
4170181
4199767
4218764
4242998
4245831
4500136
4514598
4519063
4552378
4571241
4620322
4651664
4674514
4738130
4773152
4829209
4835418
4841667
4844183
4941270
