9026
14689
17472
20567
33840
36159
39982
54650
56195
58778
61170
61207
63557
66949
69750
70145
71178
92875
95756
97512
98403
110351
111147
129662
132021
132543
141839
147894
152249
158849
160337
167832
171767
175028
177453
179681
184160
192684
198445
200514
204572
210701
212581
215353
217346
231968
233704
238259
238567
245597
246566
248283
257234
263011
264561
274574
279670
287935
297266
305526
309716
309944
316000
321700
323040
330598
333052
336219
339136
339833
339838
346639
359728
362061
366973
373677
378541
378903
388803
389956
391243
398699
399863
405665
408044
408173
419770
433862
433942
441740
443647
451395
451883
454871
456401
456822
457044
459984
460160
463422
472553
474306
477498
480343
484397
500768
502182
505964
515451
519550
520388
523723
525227
539351
546247
547351
547704
547828
550597
553947
562868
565470
575985
590667
594828
598370
619888
621517
626901
641647
643253
657536
659177
663452
665877
685664
687917
689851
708122
709314
710567
712157
721465
722474
723389
725217
730195
736579
744377
757547
757716
760316
769251
774690
775331
777898
801963
804244
825869
829932
830508
832705
848531
851714
853180
857608
868434
874583
884427
887267
895701
896344
900924
906508
908074
915094
915683
918346
919925
927899
938540
942689
952812
963532
972628
973694
975393
994123
997029
999806
1003510
1004253
1004767
1004822
1018055
1021810
1033646
1042617
1044709
1047187
1054078
1059522
1085131
1088818
1089828
1092150
1105393
1105953
1121161
1133950
1135783
1142226
1142310
1144694
1144993
1150182
1154053
1155689
1156086
1156122
1156548
1157471
1159660
1161810
1163386
1167391
1169792
1171478
1177565
1190754
1194669
1202087
1217718
1218795
1219447
1223105
1225014
1225063
1233567
1239016
1243448
1245222
1255143
1257465
1259558
1259739
1259972
1266291
1268547
1271478
1272454
1272943
1274401
1278014
1278760
1281460
1287755
1291094
1291208
1291339
1296236
1297830
1310325
1310517
1312887
1314553
1315001
1316130
1317301
1318437
1326647
1326963
1327695
1334255
1335898
1339491
1343791
1350246
1352065
1352280
1362235
1362565
1368080
1375550
1376971
1381853
1385400
1392440
1395946
1404787
1405355
1407776
1409711
1412037
1415157
1416653
1418768
1419362
1422375
1422446
1431179
1441968
1467590
1478252
1481134
1481871
1483691
1484930
1489856
1505568
1508914
1526097
1527568
1532500
1534628
1545162
1546438
1551074
1563742
1565048
1579113
1591993
1597375
1614534
1622497
1623648
1633492
1642435
1643810
1648967
1660443
1665623
1682007
1683549
1685784
1688339
1693473
1695262
1696131
1698096
1707323
1712838
1713299
1723525
1723669
1725707
1732998
1733364
1741617
1741822
1750089
1766054
1766281
1777663
1781174
1786257
1799878
1804018
1829426
1839648
1843017
1848507
1849540
1855096
1857754
1859825
1870578
1871558
1883630
1886966
1888133
1896979
1906945
1915063
1921992
1922043
1928081
1928804
1937818
1941407
1942203
1960786
1970895
1971119
1974910
1986333
1992259
2006633
2007195
2018870
2019382
2024494
2025218
2026020
2036492
2038851
2038880
2039411
2040432
2043027
2045344
2046472
2048792
2053722
2057356
2058894
2060153
2067873
2087923
2100561
2101546
2110418
2110445
2111169
2112048
2112446
2122916
2124878
2134350
2145825
2146104
2163721
2164469
2168050
2168724
2169224
2176100
2182430
2195535
2201029
2209683
2213608
2216070
2221487
2225238
2227280
2235244
2243553
2247690
2248190
2252652
2253486
2254903
2258093
2261985
2272466
2273606
2279607
2280384
2286019
2288069
2288530
2298213
2303695
2312004
2317443
2318921
2320541
2327339
2328123
2330287
2334095
2364092
2366389
2367490
2367878
2377153
2386021
2388072
2389067
2393028
2393755
2396397
2411708
2413569
2413901
2415967
2420572
2422286
2428632
2435196
2440629
2443018
2444530
2448500
2457568
2474607
2475031
2475064
2481477
2482678
2482981
2488927
2494505
2496654
2498471
2499290
2499893
2501835
2507987
2508001
2536447
2537686
2539725
2543481
2545130
2554208
2560149
2566500
2573507
2576287
2583360
2583949
2585802
2594705
2600500
2609270
2618082
2668431
2680464
2692695
2693401
2693958
2706900
2707495
2711486
2721953
2740507
2745602
2752787
2753043
2756349
2756534
2757613
2758691
2764101
2766402
2769280
2773273
2778718
2793417
2802140
2811484
2813924
2839500
2839840
2844901
2847136
2847306
2848065
2853822
2860752
2864030
2867781
2869508
2870550
2870694
2873155
2876382
2879135
2883490
2883577
2889693
2895173
2895781
2900691
2902673
2906445
2922890
2934782
2938258
2941347
2944894
2946104
2952660
2952780
2958824
2965402
2965812
2965985
2966471
2966815
2967242
2967719
2971255
2971366
2974459
2976928
2978380
2999335
3007043
3014062
3015221
3019597
3026438
3037473
3050704
3054295
3054548
3054737
3054849
3058005
3067045
3073289
3083736
3092719
3093348
3098495
3103170
3125517
3133536
3144407
3152601
3155051
3160037
3165716
3166109
3167693
3173476
3173928
3175010
3184999
3187368
3189529
3193971
3200269
3207355
3208951
3215897
3219766
3222307
3223577
3228254
3244664
3247390
3253817
3255978
3268273
3268558
3281234
3287234
3287246
3297193
3306103
3307382
3310287
3312747
3323394
3325236
3327457
3332292
3339178
3346225
3347792
3348166
3348236
3351787
3354100
3362838
3365552
3369410
3372051
3381073
3413260
3414579
3425068
3429935
3443550
3451527
3456394
3458304
3462151
3474500
3480061
3488856
3493606
3493721
3494428
3500181
3506152
3509395
3532873
3532903
3534747
3535781
3537455
3540324
3542103
3544036
3544344
3546275
3552009
3561548
3579550
3582674
3583668
3593472
3595036
3595159
3596308
3601492
3605965
3611134
3618602
3623059
3625952
3631466
3636123
3638508
3638690
3640414
3643966
3647441
3648621
3655162
3655484
3667921
3670608
3677006
3677444
3681604
3686041
3693151
3693666
3695677
3703330
3719021
3721253
3729008
3731834
3734414
3737979
3740518
3741187
3756734
3759477
3764535
3768572
3779399
3786001
3789734
3790974
3793102
3796396
3802555
3806501
3807858
3815763
3822289
3825482
3826949
3834607
3840866
3842943
3842978
3843848
3844978
3851590
3852205
3870285
3874891
3881124
3883477
3884485
3897195
3897863
3898561
3901957
3907342
3920052
3923583
3925253
3930433
3945163
3945889
3946000
3946350
3956769
3957366
3974758
3979114
3983759
3986641
3996423
3997318
3999448
4013478
4018078
4020860
4037959
4041224
4044997
4049827
4051062
4052279
4055759
4056484
4060994
4062858
4062862
4066630
4073216
4078854
4079111
4082546
4084417
4089922
4090152
4091692
4099951
4100209
4103388
4108292
4116432
4118494
4128393
4133688
4133832
4136776
4143223
4146674
4152796
4154323
4155837
4157924
4159113
4172798
4181288
4186920
4189185
4189318
4191767
4220826
4222066
4228810
4243986
4250267
4260831
4265351
4266124
4271249
4276475
4277413
4278417
4281336
4285281
4292138
4298559
4306398
4314734
4320247
4320818
4323248
4326147
4332782
4334248
4334661
4338605
4342021
4343792
4348301
4351589
4351834
4358513
4360953
4374042
4374700
4378729
4380665
4380738
4383437
4384637
4385332
4386475
4391858
4393735
4395358
4397115
4398677
4403814
4404111
4409909
4420911
4425543
4442004
4442006
4442354
4445121
4447321
4469969
4474538
4475831
4480814
4487373
4489654
4489980
4495946
4496635
4505723
4509795
4516408
4522572
4522964
4530290
4530757
4532750
4534834
4544672
4557675
4560502
4567499
4569342
4573740
4581411
4584271
4587449
4594744
4598142
4599345
4618215
4621352
4635305
4635441
4635473
4637419
4644107
4648251
4657483
4662904
4664037
4664377
4675657
4677513
4679143
4690186
4690515
4691745
4695656
4699725
4700901
4702204
4703014
4710859
4718871
4721180
4723012
4725350
4729632
4737600
4744503
4746426
4748529
4749553
4749716
4757009
4757718
4760427
4762620
4771493
4773768
4775150
4780242
4785021
4785039
4787270
4788379
4790004
4801858
4821631
4832614
4840370
4840981
4847561
4853684
4859544
4873220
4888805
4893006
4893055
4897156
4898066
4901937
4902694
4903904
4913034
4914644
4933243
4935483
4944118
4948986
4957712
4959902
4960801
4967188
4969404
4979049
4985212
4988726
4998933
4999497
