78
347
426
787
1702
2112
2258
3041
3350
3378
3516
4044
4984
5512
5735
5736
5760
6140
6372
6549
7090
7784
8134
8361
9170
9704
11034
12242
13820
13832
14319
15065
15279
15689
16775
16904
17244
17622
19295
19337
20352
20356
21160
21202
21424
21426
21689
21691
21708
22307
22493
22499
23327
23964
24097
24557
24747
25057
25220
25514
26400
27553
27660
28007
28718
29349
30639
30823
31221
31320
32529
33549
34466
34953
36278
36312
37137
37673
40458
41216
41596
41751
42401
42563
42662
42792
43534
45276
47173
47230
47369
49319
49628
49969
50092
50819
51033
51165
51202
51259
51660
53010
53428
53791
54935
55105
55482
56173
56647
57034
57231
57921
59264
59542
60131
60588
60695
60772
60973
61596
61827
61835
61840
61842
62049
62098
62501
62594
63821
64060
64103
64406
64548
64933
65114
65389
66117
66490
66644
66698
66855
66950
67090
67435
67872
68752
69132
69616
69971
70853
71669
71872
71905
72121
72414
72556
73376
73901
76099
76116
76119
76321
76966
76972
77136
77293
77703
77942
78474
78856
79110
79426
79570
79633
79719
80094
80359
80389
80535
80965
82183
82195
82269
83491
83676
85587
85595
85669
86734
87615
89266
89493
90221
90516
90790
91446
92757
93537
93644
94283
94634
95210
95228
95512
95880
96054
96914
96915
97891
97933
97941
98889
99120
99809
100704
101065
101116
101963
102462
102556
102827
103597
104084
104223
105050
105687
106575
107689
107882
108366
109594
110265
110321
110606
110637
111169
112105
113036
113690
114415
114755
115312
116746
116879
117225
117245
117634
117661
118546
118874
118955
119990
120691
121104
121153
121169
122683
124167
124186
124889
126838
126843
128388
129784
129992
130510
131438
132216
132267
133611
133677
133788
133955
134046
134050
134435
134716
135661
136062
136140
136697
138503
138935
139116
139592
139988
140780
140910
141089
141577
141656
142008
142860
144446
144758
144788
144864
144894
146014
146777
147173
147326
147632
147764
147778
147952
148193
148697
149070
149275
150441
150473
150660
150834
153645
153653
154264
155221
156904
157876
158281
159692
159741
159845
159980
160061
161201
161571
161758
162602
163956
165404
165762
166638
166713
166876
166925
167010
167206
167747
168291
168820
169411
169494
170879
172295
172627
173487
173656
174055
174207
175137
175241
177387
177417
177738
178330
179129
179704
181227
181572
181806
182054
182111
182672
183218
184131
184247
184388
184620
184910
185647
185669
187452
188815
190764
191193
191712
192551
192741
192964
193302
193358
193538
193607
193961
195011
195066
195879
196135
196890
198141
198275
198311
198343
200340
200722
201281
201309
201735
203282
203411
203677
204757
204983
205704
206288
206633
206805
208266
208914
208977
209440
210992
211158
211185
211670
212508
213245
213837
214420
214989
215359
216286
216754
217013
218477
218636
219449
219526
219853
220109
220889
221268
221460
221813
221821
221992
222036
222803
222820
223497
223912
224028
224319
224464
224499
224555
224565
224698
226144
226189
226323
226359
226410
226768
227221
227733
227948
228354
228516
228693
229528
229638
230077
230605
231789
232018
232303
234021
234556
235181
235702
235989
236551
237182
237424
239680
239714
240335
240381
241603
241837
241952
244450
246339
248184
249107
249410
249557
250574
251324
251617
251640
251785
251866
252210
252331
254054
254355
254365
254482
254994
255031
255048
255139
255414
255853
257083
258019
258807
259051
259350
259696
260073
260083
260846
261316
262637
263250
263485
263850
264730
264885
265283
265565
265671
265761
266787
267756
268396
268538
268603
269408
269713
270284
270863
271288
272013
272060
272961
273445
274512
275414
275524
275865
276174
276319
276973
277202
277208
277472
277494
277875
278068
279185
280146
280309
280520
280585
281249
281492
281512
282320
282534
282809
283959
284120
284451
284921
285412
285487
285571
285921
286323
287131
287141
287167
288016
288118
288218
288536
290284
291030
291169
291301
291631
291924
292301
292403
293500
293607
294665
294921
295426
296213
296254
296426
296482
297338
297424
297770
297961
299164
299494
299615
299920
300143
300149
302641
302900
303137
303375
303821
304981
305387
305622
306758
308620
309221
310293
311508
311745
311791
311882
313153
313745
314330
315182
315215
315222
315248
315551
316233
316639
317357
317568
317947
318079
318498
318753
318862
319409
321029
321754
321877
322819
322850
323095
323506
324461
324468
325034
325291
325801
325979
326629
327319
328410
328550
329345
330681
331074
331282
331648
331755
331951
331975
332700
332739
335509
335705
336475
336526
337471
337564
338205
338371
338690
338705
338733
339157
339205
339213
339218
339531
339544
341370
341427
341534
341859
341912
342135
343266
344436
344550
344789
345843
346011
346495
346663
347137
347189
347222
348096
348130
348191
348826
349151
350332
350545
350711
350788
351618
352485
353395
353986
354104
354886
355030
355193
355568
355597
355729
355780
355940
356255
356714
357813
357854
358151
358341
358917
359631
360042
360133
360507
360817
361255
361300
363250
363725
363947
364465
364519
364733
364862
365027
366076
366127
366170
366364
367454
367491
369186
369275
369430
369463
369796
371236
371428
371828
373367
374507
374510
374674
374755
374781
375227
375838
378657
378825
379404
379513
379691
380110
380358
381798
381888
382384
384045
384660
384991
385956
386781
387423
387547
387892
388490
389496
390043
390243
390260
390523
391183
391362
391745
391765
392135
392888
392896
393467
394234
394772
394849
395621
395791
395991
396035
396502
396561
396925
397294
397309
397878
398260
398358
400424
401008
401395
401696
401956
402256
402316
402898
404456
404709
404775
404877
405066
405082
405140
406218
406499
407174
408392
409041
409894
410447
410890
411293
412344
414022
414096
414683
414708
414910
416177
416825
417718
417876
418801
418968
419304
419537
420189
420308
420556
420678
420964
421417
421690
422939
423132
423256
423546
423793
423825
424290
424915
425012
425397
425815
426260
426367
426411
426541
426663
426925
427034
427648
427710
428255
428901
429149
429953
430023
430029
431088
431140
431603
431785
431819
432292
432980
433243
433520
433579
434402
434773
435023
435945
436128
436480
436491
437216
438018
439061
439465
440215
441221
441389
441689
442817
443142
443324
443381
444629
444915
445132
445242
445251
446144
446383
448169
448370
448869
449030
449859
450485
450537
450793
451098
452167
452452
452676
453711
453913
454148
454659
454795
454946
455668
456175
456776
457687
458590
458835
459152
459315
459425
459526
460803
461233
461360
461681
462132
463644
464406
465900
465993
466298
466733
466776
468043
468397
469663
469666
470102
470638
470689
471027
471569
471583
471585
472773
474023
474553
475832
476286
476777
477076
477266
477777
477803
478153
478307
478685
478690
479145
479269
479631
480132
480706
481575
481771
482147
482566
482728
482755
483092
483294
483824
483840
484120
485279
485457
486068
486577
486577
486787
487117
487345
487954
488471
488985
489140
491082
491525
491844
492279
492507
494785
496148
496490
497328
497544
499019
499532
500358
501079
501694
501895
503135
503483
506371
506982
509260
509290
509467
509499
509598
509735
510275
510496
510886
511246
511264
511339
513586
513813
515015
515157
515298
516331
516517
517502
517765
517953
519586
519688
520207
520276
520351
520648
520691
520853
520920
521757
522339
522369
522506
522736
523011
523019
523687
524492
524838
525207
525483
525860
526359
527593
527726
528488
528919
529258
529616
529710
530003
530059
530236
530840
530877
531937
532059
533448
533458
533873
534519
535510
536134
537491
538909
539514
539873
539955
540077
540208
540629
540714
541037
541506
542257
542626
543265
543439
543748
544538
544603
545184
546014
547167
548103
548546
548653
548862
549123
549397
549497
550036
550968
551027
551062
551155
551336
551547
551633
551655
551728
551929
553027
553947
555396
556271
556723
556992
557181
557470
558045
558187
558664
559017
559344
560122
560179
560638
560668
561014
561602
562128
562369
562384
563046
563487
563686
563880
564267
564369
564873
566166
566242
566274
566527
566948
567762
567986
568712
568751
570016
570444
571586
572545
573341
573728
574036
574412
575351
576446
577772
577940
578576
578688
579395
581286
581789
582370
583540
583568
584124
584646
585337
586154
586979
587319
587814
588383
589247
589583
589910
589947
591830
592466
592827
593723
594244
594758
595143
595584
595942
596812
597281
597528
597536
598032
598461
599191
599624
599758
600140
601435
601889
602517
603063
604148
604901
605666
605792
606429
607690
607904
608152
608246
608449
608484
608979
609302
609347
609782
609996
610189
610772
611160
611195
611717
611882
612042
612111
612206
612498
612875
613015
613035
613039
615394
615435
615796
616265
616335
616777
617131
617422
617624
618807
618846
620252
621243
621818
621907
623029
623356
623539
624220
624258
624801
625087
625393
625774
625781
625818
626321
626427
626672
626868
627552
627787
628111
628946
630458
631756
631901
632845
633063
633136
633277
633344
633477
634433
635546
635664
635768
635948
635966
636487
636842
639019
639297
639726
639802
640267
640758
640898
641933
642043
642541
642829
642894
642940
643263
643316
643797
644376
644861
644878
644904
645292
645352
645473
645963
646567
647285
648877
649508
650070
651004
651033
651353
651741
653164
653378
653696
655820
657031
657653
657918
658164
658670
659073
659196
659233
659566
659918
660147
660383
662193
662705
663417
663813
664024
664675
665022
665838
666149
666304
666434
667381
668170
668695
668922
669118
669743
669852
670042
670693
670718
670900
671411
674433
675394
675811
676326
677536
677759
678122
678132
678426
678495
679893
680155
680648
680833
681633
681822
682238
682902
683651
684422
684505
684942
684975
685225
685793
686037
686476
686510
687630
688221
689704
689737
689877
689974
690771
691234
691671
692664
693014
693678
693847
693877
694014
694499
695343
696543
696702
696711
698708
698710
698948
699348
699645
702351
703194
703316
705634
706256
707124
707455
708461
708724
709202
709249
709999
710038
710191
710939
711614
712247
714043
714426
714592
714675
714918
715708
715771
715847
715910
716097
716267
716525
716666
717580
718979
719075
720683
720928
721201
721389
722416
723848
724084
725221
725901
726139
726343
726479
726528
727228
727421
727786
727984
728377
731594
732981
733061
733078
733116
733615
734012
735758
736447
736606
737075
737157
737306
738234
738748
739062
739704
740114
741452
742003
742233
743552
743574
744366
744461
745576
745680
745894
746424
746587
749047
749323
749420
749489
749534
749761
750407
750879
751085
751099
751268
751492
752217
752609
752809
753088
753217
753827
754141
754382
755261
756371
756723
758097
758549
759191
760127
760250
760596
760816
760826
761407
761533
761744
762282
762525
762929
763150
763707
764131
765635
766429
767702
768367
768588
768773
768777
769616
770335
770956
770987
771110
771298
771595
773044
773721
774168
774221
774498
774597
774731
776139
776478
776603
777073
777132
777166
777413
778374
778884
779128
779389
779749
779815
780260
780358
780600
780870
781455
781710
782089
782258
783190
784764
784781
785077
785431
785675
786080
786121
787037
787349
787870
788143
788314
788844
789792
790214
790257
790695
791351
791656
791798
792312
792824
793217
793827
793910
794585
796294
796740
796842
797478
797530
797909
797969
798440
798891
799378
799551
800112
800369
800459
801328
801480
801692
802204
802524
802838
803381
804177
807677
807862
808461
808657
808803
810429
810679
811056
811534
811708
812025
812107
812711
812784
813345
813642
814200
815406
815716
816131
816290
816835
817139
817716
818002
818485
818538
818863
819058
819143
819369
820111
820259
820706
822456
822917
823000
823120
823161
823300
823335
824010
824903
825161
825695
825817
827164
827254
827371
828515
828764
829232
829305
829306
830227
830927
831011
831856
832156
832348
832542
832651
833117
833911
834063
834539
836998
837070
837252
837470
837988
838653
839156
839537
839556
840862
840908
840954
841586
841778
843037
844079
844231
844987
845897
845921
846622
846889
847452
847525
847670
847756
848363
849087
849239
849346
849849
850332
850694
851321
852417
853317
853689
853819
854505
855441
855749
856098
856149
856257
857145
857552
857776
858022
858429
858487
859971
860123
860212
860267
861304
861498
861948
862321
862328
862591
862712
863726
865187
865402
865759
866337
866825
867293
867744
867931
868160
868640
868795
868880
868912
869689
869878
870282
871040
871363
871441
872516
872730
873109
875336
875425
875915
876134
876866
876994
877284
877301
878082
878164
878430
878481
880170
880718
882012
882241
882350
882506
882592
882686
883248
883286
883386
884035
884906
885058
885168
885888
886998
887091
887666
887881
888226
889046
889932
890817
891251
891633
891860
892330
892587
895350
895715
897279
897338
898177
899258
899373
900017
900351
900660
901019
901592
903423
904176
904221
904445
906034
906264
907359
907539
908389
908543
908733
909651
909976
910339
911835
912083
912194
912322
912784
913287
914521
914631
915643
916184
917220
917824
920020
920319
920622
920726
922274
922457
923161
923464
923547
923613
924176
924196
924232
925282
925981
926209
926228
926262
926937
927455
927686
927839
927904
928013
928342
928510
929752
930954
932854
933039
933375
935013
935160
935723
935794
935979
936416
936479
936561
936817
937578
937950
938474
938672
939316
939381
939448
940110
940902
941111
941986
943392
944586
945556
946387
946421
946514
947164
947372
948216
948748
948959
950270
952796
953004
953038
953062
953661
954541
956500
956851
957149
957757
958611
959232
959741
960351
960566
960836
961370
961601
961703
961878
961917
962179
962532
962647
963439
963698
963772
964252
965698
967294
968117
968244
969428
969488
969891
970695
970808
970978
971482
971928
972163
972715
973258
973272
973315
973425
973751
974568
975688
975689
976032
976285
976843
976962
977434
977587
978009
981271
981897
983062
983415
983527
983534
983587
983790
984545
984674
985029
985729
985755
986030
986149
986364
986911
987165
987953
988135
988286
989723
989782
990680
991692
992758
994165
994833
994934
996427
996450
996603
997705
998052
998623
999245
999368
1000349
1000529
1001451
1001694
1002000
1002031
1002276
1002423
1003009
1003165
1003427
1003619
1003852
1004259
1004442
1004489
1005131
1005180
1006614
1006759
1007026
1008079
1008124
1008161
1008264
1009002
1009222
1009673
1009769
1010466
1010509
1010839
1011208
1011352
1011630
1011743
1012128
1013051
1013256
1013289
1013721
1014792
1014890
1015721
1016035
1016377
1018301
1018722
1018765
1019376
1019395
1020157
1020569
1021123
1021378
1021831
1021888
1022071
1022128
1022750
1023563
1024456
1025795
1026326
1026333
1026446
1027182
1027501
1027955
1028242
1028334
1028905
1031946
1031984
1032402
1032717
1033526
1033624
1033712
1034028
1034215
1034710
1034939
1035588
1035845
1036100
1036149
1036338
1038986
1039568
1039787
1040253
1040891
1040938
1041170
1041743
1041981
1042603
1043928
1044035
1044281
1044889
1045021
1045555
1046061
1047619
1048156
1048171
1048395
1048704
1049194
1050030
1050111
1050384
1051217
1051661
1051749
1052067
1052378
1052707
1052985
1053025
1054102
1054545
1054736
1055071
1055162
1055586
1056302
1056606
1056771
1056872
1057152
1057716
1058561
1059014
1059141
1059341
1060049
1063022
1063064
1064103
1064188
1064215
1064792
1065319
1065353
1065667
1066049
1067164
1067475
1067612
1068007
1068216
1068689
1068747
1069373
1069550
1070101
1071002
1071109
1071137
1071359
1071698
1072698
1073144
1074128
1074196
1074286
1074289
1074593
1075570
1076426
1076437
1077174
1078058
1078245
1079467
1080061
1080213
1080964
1081163
1081246
1081623
1081939
1082672
1083152
1083337
1083635
1084357
1084538
1084873
1085364
1085595
1086450
1087819
1088760
1088817
1089144
1089183
1089862
1091689
1092082
1093019
1094825
1094989
1095036
1095076
1095327
1095482
1096293
1096509
1096719
1097207
1098723
1099113
1099265
1099578
1099931
1100288
1100505
1101385
1101723
1102642
1103913
1104662
1105084
1105240
1106822
1106900
1106992
1107340
1107520
1107718
1108049
1108386
1108943
1109091
1109412
1109551
1109684
1110571
1111247
1111388
1111469
1111539
1111806
1111951
1112042
1112366
1112837
1113255
1113643
1113916
1114276
1114404
1114950
1115042
1115273
1115360
1115410
1115572
1115650
1116649
1117037
1117497
1118033
1118789
1118852
1118889
1119125
1119251
1119933
1120188
1120439
1120758
1122285
1122407
1124764
1126008
1126266
1126801
1127051
1127446
1127611
1127791
1129991
1130603
1131000
1131193
1131377
1131441
1131526
1131682
1132111
1132148
1132918
1133055
1134177
1134334
1135619
1135661
1135835
1136195
1136989
1137332
1137490
1137756
1139010
1139056
1139432
1139773
1139923
1140316
1140491
1141160
1141637
1142060
1142211
1142989
1143086
1143438
1143748
1144115
1144903
1145051
1145480
1145526
1146075
1146159
1146225
1147301
1148354
1149025
1149062
1149232
1150006
1150036
1150048
1150429
1150839
1151560
1151691
1152456
1153929
1154456
1155724
1156097
1156147
1156347
1157113
1157266
1157520
1157681
1158326
1158795
1159652
1159996
1160279
1160503
1160545
1160901
1160995
1161541
1161732
1162386
1162585
1163807
1164102
1164554
1164831
1165461
1168184
1168253
1168906
1169490
1169587
1169867
1170741
1171228
1171339
1172373
1172968
1173670
1174233
1174342
1174350
1174910
1175136
1175735
1175872
1176396
1176994
1177377
1177472
1177784
1177975
1179288
1180428
1180901
1180931
1180942
1180962
1181334
1182019
1183397
1183448
1184664
1184781
1185666
1185783
1185899
1186639
1187850
1188484
1188835
1188851
1189230
1189278
1189884
1189964
1190423
1190590
1190594
1190732
1191797
1191842
1191903
1191959
1192058
1192071
1192494
1192517
1192665
1192912
1192989
1193585
1193945
1194527
1195856
1197113
1197247
1199437
1199837
1199892
1200176
1201612
1201641
1203386
1203454
1204274
1204346
1204568
1204858
1205345
1205409
1206412
1206568
1206890
1207330
1207653
1208776
1211272
1212053
1213385
1213548
1214159
1214576
1214907
1216098
1216684
1216702
1217301
1217366
1218467
1218759
1219480
1219725
1220249
1220277
1220298
1220555
1221017
1221845
1221935
1222267
1222597
1222684
1223154
1223680
1223782
1223993
1224471
1224927
1225128
1226362
1226368
1226483
1226713
1226823
1227333
1227814
1228017
1228301
1229794
1230083
1231443
1232052
1232167
1232414
1233117
1233140
1233779
1233829
1234179
1234940
1235228
1235297
1236446
1236581
1236656
1236712
1238173
1238538
1240604
1240741
1240889
1241669
1241823
1242048
1242225
1243229
1243979
1244086
1244354
1244458
1245423
1246074
1246102
1247330
1247823
1248601
1249676
1250097
1250161
1250741
1251243
1251828
1251872
1252443
1252778
1253005
1253356
1254110
1254338
1254819
1255251
1256552
1256760
1257284
1257547
1258058
1258593
1258714
1258912
1259226
1259362
1259537
1260782
1261227
1263190
1263281
1264127
1264214
1264303
1264553
1265017
1265466
1266157
1266416
1266427
1267497
1268189
1268200
1268466
1269444
1269769
1270236
1271617
1272069
1272102
1272351
1272744
1272896
1273233
1274004
1274362
1274630
1275323
1275591
1275653
1275985
1277266
1279050
1279066
1279447
1281526
1281966
1281991
1282078
1282830
1283088
1283189
1283802
1284042
1284646
1285195
1285432
1285472
1285616
1286569
1286711
1286801
1286859
1288381
1288394
1288886
1289294
1289644
1289811
1289818
1289973
1290227
1290389
1290554
1290838
1291200
1291699
1292856
1293316
1293679
1294712
1295044
1295372
1296176
1297071
1298357
1300682
1300841
1301115
1301160
1301901
1302775
1303124
1303602
1304197
1304658
1305400
1305707
1306273
1306989
1307292
1307953
1308358
1308618
1308840
1310657
1310747
1310789
1311477
1311790
1312216
1312746
1313276
1314521
1314841
1315125
1315256
1315380
1316099
1316499
1317892
1317972
1318099
1318670
1319374
1320163
1320772
1322076
1322304
1322351
1323226
1324115
1324253
1325688
1326474
1326791
1326823
1327575
1328044
1329089
1329765
1329967
1330836
1331008
1331933
1331993
1332091
1332408
1332498
1333212
1334349
1334836
1334970
1335054
1335985
1337515
1337889
1337940
1338043
1338362
1338737
1340238
1342292
1343105
1343339
1344704
1346018
1346027
1346493
1346669
1346767
1348412
1348632
1348692
1349174
1349356
1349803
1350099
1350497
1351441
1351514
1351833
1352189
1352518
1352876
1355690
1357105
1357314
1357430
1357656
1357666
1357812
1358486
1360554
1361219
1361485
1362918
1363337
1363729
1363943
1364039
1364346
1364946
1366361
1366796
1367167
1367270
1367381
1368245
1369691
1369707
1369768
1370317
1371320
1371706
1371972
1372154
1372544
1372602
1372863
1373134
1373597
1374055
1374317
1374424
1375053
1375393
1375661
1375773
1375989
1376496
1376570
1376915
1377727
1378576
1379353
1380582
1381230
1382121
1383441
1384036
1384213
1385515
1385703
1385812
1386453
1387026
1388196
1388352
1388386
1388757
1389629
1390381
1390491
1390926
1391879
1391922
1392629
1393251
1393630
1393664
1394400
1394406
1395166
1395966
1396442
1396467
1396736
1396882
1397057
1397373
1398570
1399323
1400033
1400274
1400590
1400624
1400778
1402513
1403132
1404660
1405040
1405419
1405927
1406240
1407667
1407867
1407876
1407915
1407976
1408189
1408833
1409285
1409454
1409737
1410060
1410633
1411189
1411792
1412188
1412457
1412601
1412604
1412652
1412735
1413451
1413550
1413849
1414087
1415479
1415768
1415848
1416538
1416742
1416972
1417153
1417972
1418246
1418500
1418639
1418990
1419519
1419755
1420004
1420299
1421430
1423172
1423431
1424450
1425720
1426528
1426549
1426711
1426956
1428284
1428330
1429762
1430048
1433802
1433851
1434379
1434709
1435043
1436453
1437167
1437379
1437960
1437985
1438016
1438299
1438621
1439495
1439621
1440613
1441390
1441390
1441872
1441872
1443025
1443082
1443259
1443416
1444547
1445299
1445394
1445562
1446299
1446736
1446769
1447557
1448688
1448693
1449190
1450017
1450290
1450668
1450818
1450880
1451665
1452900
1452952
1453382
1453466
1454600
1456075
1457420
1457595
1458139
1458319
1459133
1459703
1459870
1460092
1460675
1460838
1460844
1460940
1461137
1461164
1461483
1461601
1462379
1462380
1462475
1462909
1464900
1465636
1466238
1466478
1466683
1467734
1468115
1468177
1468432
1468706
1469181
1469260
1469724
1470229
1470287
1470395
1470650
1471057
1472002
1472151
1472472
1472805
1472917
1472957
1473077
1473983
1474408
1474467
1474735
1474822
1476084
1476272
1478091
1478317
1478404
1479122
1479688
1479993
1480005
1480140
1481824
1482731
1482767
1482908
1482930
1483064
1483140
1483202
1483590
1484635
1485264
1485478
1485576
1486045
1486094
1486539
1486572
1486712
1487517
1489789
1489930
1491210
1492242
1492658
1492857
1493082
1493294
1493484
1493825
1494044
1494119
1494303
1494527
1494934
1495197
1495967
1496345
1496385
1497278
1497350
1497653
1497740
1498085
1498228
1498324
1498717
1498894
1499878
1501320
1501785
1501966
1502488
1503411
1503782
1504216
1504998
1505338
1506160
1506616
1508055
1509173
1510281
1510768
1512325
1512769
1512895
1513601
1514003
1514722
1515003
1515323
1515418
1515733
1515843
1515891
1516176
1516481
1516595
1516704
1517277
1517561
1517793
1517913
1519700
1520369
1520805
1520912
1520915
1521427
1521634
1523857
1524141
1524341
1525827
1526179
1526729
1526890
1526941
1528190
1528430
1528432
1528828
1528938
1529832
1531117
1531619
1531821
1532411
1532547
1532773
1534420
1534598
1534687
1534734
1534755
1535127
1536020
1536054
1536482
1536579
1537221
1537792
1537843
1538979
1539582
1539776
1540647
1540964
1541716
1541932
1542883
1543130
1543341
1543833
1544207
1544259
1544928
1546396
1546640
1547132
1547186
1547191
1547569
1547812
1548477
1548971
1549060
1549424
1549883
1549924
1550243
1550335
1550482
1550801
1551153
1551758
1551940
1552332
1553361
1553548
1553616
1555405
1556288
1556819
1557058
1557391
1557498
1557775
1558429
1558560
1558980
1559363
1559609
1559720
1560499
1561205
1561416
1561976
1561984
1563105
1564670
1565415
1565638
1565894
1566682
1567694
1567935
1568064
1568783
1568971
1569115
1570029
1570373
1571350
1572143
1572890
1573259
1573635
1574515
1574752
1575234
1575255
1575673
1575880
1576469
1576771
1577774
1578060
1579266
1579330
1579365
1579372
1579542
1579690
1580052
1580449
1580710
1581072
1581190
1581506
1581814
1582210
1582733
1583294
1583390
1583820
1584040
1584673
1584805
1585373
1586153
1586370
1586526
1586843
1586856
1586873
1587097
1587650
1588403
1588532
1588589
1588691
1588957
1590673
1591354
1591826
1592077
1592578
1592902
1592917
1593080
1593282
1593316
1593841
1593857
1594706
1595208
1595451
1595616
1595985
1597183
1598615
1598716
1599830
1602151
1602438
1602823
1603009
1603170
1603820
1604228
1605025
1605422
1605423
1605564
1605901
1606155
1606390
1607114
1607910
1608141
1608812
1610075
1610239
1610402
1610909
1611147
1611505
1612989
1613838
1613954
1614213
1614538
1614583
1616539
1616787
1617312
1617424
1617705
1617747
1617768
1618477
1619088
1620479
1620521
1620778
1621143
1621662
1621897
1622644
1622833
1623810
1624177
1624426
1624906
1625217
1625438
1625504
1626822
1627500
1627589
1627591
1627779
1627912
1628449
1628815
1629043
1629355
1629804
1630085
1630355
1631061
1631126
1632318
1633383
1633745
1633756
1634362
1634946
1637651
1637750
1639211
1639430
1639667
1640688
1641166
1641389
1641615
1642426
1643415
1643478
1643674
1643789
1644111
1644643
1644769
1645255
1645975
1646009
1646225
1646594
1646954
1648291
1649204
1649430
1649996
1650047
1650110
1651047
1651420
1651892
1652455
1652769
1652854
1653412
1653980
1654326
1655719
1657000
1657051
1657248
1657319
1657415
1657651
1657941
1658898
1659191
1659924
1660057
1660099
1660305
1662230
1662230
1662573
1662729
1663811
1663895
1664135
1664380
1665993
1666057
1666125
1666569
1666764
1667190
1667339
1669351
1669400
1669431
1670130
1670595
1671193
1671444
1671795
1671798
1672429
1672667
1672916
1672935
1674118
1674759
1674765
1675298
1675875
1676094
1676210
1676469
1676481
1676879
1676969
1677416
1677981
1679413
1679457
1679490
1679872
1680630
1680925
1681349
1681388
1682005
1682759
1682769
1683418
1686294
1686443
1687859
1688086
1688095
1688575
1688604
1688847
1688944
1689116
1689376
1689821
1690262
1690283
1690977
1692391
1692713
1692852
1692882
1693551
1693764
1693784
1693799
1695064
1695372
1695838
1696109
1696906
1698761
1699191
1699401
1700150
1701186
1701451
1701776
1702036
1703208
1704881
1704955
1705013
1705189
1706032
1706486
1707544
1707593
1707624
1707995
1707998
1708765
1709173
1709628
1710290
1710649
1711249
1711962
1712536
1712618
1712753
1712920
1713073
1713983
1714123
1714663
1714747
1715037
1716046
1716681
1719268
1719548
1720015
1720336
1720761
1721313
1722802
1722958
1723408
1724216
1724240
1724803
1725063
1726203
1726267
1726566
1726739
1726868
1727839
1728381
1729141
1729294
1729439
1729579
1730128
1730639
1732192
1733264
1734261
1734358
1734585
1736467
1736799
1737017
1738065
1738147
1738171
1738257
1738408
1738430
1738470
1739383
1739634
1740163
1741017
1743234
1743883
1745201
1745218
1747244
1747873
1749003
1749259
1749887
1750387
1750693
1752867
1752960
1753131
1753444
1753923
1755095
1756084
1756980
1757427
1757600
1757820
1758277
1759505
1759981
1760092
1761477
1762332
1763153
1763154
1763744
1764088
1764196
1764234
1765326
1765376
1767061
1767413
1767414
1767497
1769964
1770290
1770640
1770707
1770858
1771345
1771588
1772400
1773009
1773435
1773483
1773943
1774244
1775618
1775650
1775764
1775833
1776273
1776377
1776838
1777846
1778020
1778515
1778587
1778838
1778955
1779255
1779502
1779536
1781981
1783231
1783427
1784203
1784442
1784999
1785134
1785928
1786806
1787424
1788295
1788907
1789505
1789982
1791050
1791523
1792233
1792723
1793128
1793147
1793258
1794893
1795781
1795799
1795866
1798510
1798622
1798727
1798990
1800370
1800964
1801563
1801695
1803008
1803754
1805433
1806492
1806942
1807605
1808276
1808470
1808474
1808781
1809248
1810230
1811010
1811521
1811977
1812230
1813747
1814082
1815176
1816199
1816296
1816438
1816631
1817678
1818076
1818812
1818947
1819466
1820118
1820453
1820623
1820888
1821522
1822063
1822572
1822618
1822857
1823187
1823212
1823294
1823656
1824263
1824701
1825438
1826451
1827450
1828683
1828722
1828768
1828833
1828946
1830054
1830201
1831770
1831863
1832010
1832424
1832533
1832942
1832995
1833708
1833718
1833919
1834035
1834119
1834177
1834436
1834638
1834770
1835114
1835835
1837620
1837935
1838206
1838306
1838359
1838446
1838654
1838899
1838975
1839692
1840158
1841738
1842388
1842465
1842783
1843261
1843317
1843389
1844032
1844407
1844485
1844929
1845156
1846315
1846522
1847142
1847799
1848246
1848443
1850300
1850475
1850690
1850932
1851061
1851846
1851847
1852159
1852738
1853716
1853742
1854339
1854504
1854764
1855310
1855515
1855767
1855818
1856160
1856231
1856265
1856880
1857166
1858577
1858780
1859260
1859806
1860940
1861110
1862615
1862933
1863412
1863782
1863904
1865102
1865437
1865698
1866000
1866580
1866604
1867976
1867992
1868888
1868984
1869164
1870158
1870426
1870671
1872022
1872433
1874305
1874435
1874449
1875354
1875363
1876416
1876629
1876746
1877406
1877972
1878290
1878316
1878767
1878936
1881412
1881909
1882461
1883072
1883496
1883661
1883969
1884102
1884205
1885226
1885302
1885821
1887720
1887969
1888161
1888267
1888696
1888749
1889959
1890084
1890454
1890821
1890836
1890905
1892364
1893082
1893397
1893414
1893961
1894393
1895061
1895595
1895939
1896436
1896497
1896821
1896829
1897672
1898187
1898286
1898424
1898603
1898890
1899571
1899715
1900411
1900575
1900809
1900962
1902042
1902080
1902091
1902295
1902404
1902981
1903016
1904991
1905723
1905858
1906040
1906494
1907105
1907557
1911235
1911676
1911954
1912798
1913667
1913756
1914364
1914692
1914772
1915356
1915377
1915470
1915654
1916956
1916988
1917405
1917531
1918024
1918179
1918410
1918717
1919159
1919364
1919438
1919676
1919856
1920609
1920803
1921679
1921749
1921943
1922173
1922428
1923588
1924910
1924951
1925047
1925324
1925816
1925828
1926178
1927411
1929257
1930086
1931078
1931809
1932071
1932872
1937077
1937280
1938778
1940018
1940369
1940432
1940443
1941463
1941809
1942085
1942384
1942520
1942846
1942879
1943221
1943249
1943775
1943801
1945574
1945706
1947064
1948062
1948228
1949282
1949334
1949666
1949822
1950121
1951184
1951344
1952259
1952315
1954958
1955045
1955962
1956309
1956505
1956697
1956998
1957211
1957262
1957708
1958090
1959226
1959329
1959742
1960578
1960927
1961626
1961642
1962506
1963525
1963534
1964009
1964154
1965800
1966205
1966464
1966913
1967547
1969201
1969744
1969946
1970207
1970374
1970661
1970821
1971298
1971298
1973251
1973289
1973463
1973829
1974012
1974044
1974828
1975760
1975863
1975902
1976111
1976482
1976973
1977749
1978444
1978570
1979018
1979174
1979582
1979716
1979720
1979743
1979782
1981280
1981894
1983624
1984421
1984594
1985024
1985329
1985613
1985843
1985909
1985913
1986035
1987883
1989254
1990356
1990465
1990708
1991418
1991644
1991783
1991833
1992080
1992443
1992478
1993682
1993974
1995099
1995339
1997569
1998191
1998326
1998886
2000104
2000135
2000216
2000973
2001740
2002590
2003017
2003854
2004487
2004673
2005362
2005782
2006322
2006369
2007145
2007427
2007508
2008252
2009250
2009458
2012483
2012983
2013000
2013400
2013447
2013469
2013585
2013692
2013802
2014155
2014225
2014508
2014631
2014736
2015660
2015704
2016230
2016302
2016667
2016974
2018277
2020293
2020793
2021060
2021250
2021426
2021473
2022244
2022598
2023906
2026004
2026322
2026374
2027216
2027681
2027857
2028184
2028397
2028704
2029690
2030032
2030136
2030577
2031385
2031684
2031906
2032251
2032681
2033748
2033893
2034473
2035144
2035333
2035536
2035583
2035590
2035682
2038778
2038941
2040063
2041558
2041921
2041929
2042707
2043074
2043238
2045224
2045520
2045640
2046583
2047252
2047360
2047401
2048788
2049264
2050015
2050209
2050346
2050463
2051148
2051274
2051357
2051424
2052670
2053109
2053159
2053927
2054012
2054090
2054149
2055127
2055533
2055646
2056144
2058110
2058234
2058605
2058870
2059256
2059618
2059970
2060680
2060909
2061988
2062131
2063348
2063781
2063817
2065960
2066758
2068642
2068808
2069266
2069488
2070092
2071890
2073398
2073794
2074058
2074172
2074643
2074896
2075330
2076423
2076936
2077722
2078398
2078493
2078517
2078862
2079300
2079449
2080006
2080139
2080496
2080692
2080781
2081238
2081809
2081913
2082113
2082165
2082765
2082805
2082806
2083388
2084147
2084471
2084964
2085496
2085664
2086633
2086733
2086839
2087348
2088380
2088495
2089090
2089337
2089751
2091598
2092255
2092284
2092494
2092803
2092825
2093293
2093474
2095850
2095880
2095959
2097235
2097281
2097564
2097708
2098092
2098300
2098827
2099049
2099708
2099842
2099934
2099946
2099984
2100012
2100504
2100658
2101814
2102796
2103337
2103543
2104532
2104854
2105167
2105399
2105554
2106075
2106429
2106770
2107057
2107230
2107338
2107698
2107778
2109392
2110372
2111304
2111781
2112400
2112657
2112812
2113045
2113280
2113399
2113450
2113718
2114887
2115625
2116256
2116575
2116779
2116794
2117045
2117495
2118168
2118368
2118468
2118802
2119078
2119969
2120147
2120405
2120510
2120981
2122259
2122406
2122728
2124255
2125589
2125600
2125785
2126474
2127107
2127383
2127680
2128151
2128354
2128749
2130644
2131152
2131188
2131785
2132164
2132286
2132504
2132880
2132940
2133022
2133038
2134014
2134073
2134466
2134965
2135038
2135562
2136008
2136076
2136943
2137028
2137259
2137436
2137476
2137914
2138463
2138856
2139397
2139517
2139830
2140370
2141051
2141522
2141736
2142635
2142797
2143807
2144292
2144854
2145412
2145622
2145904
2146217
2147042
2147084
2148069
2148139
2149102
2149219
2149443
2150031
2150073
2150077
2150343
2150496
2150667
2153983
2154218
2154629
2155711
2155897
2156338
2156412
2156667
2157717
2158085
2158165
2158321
2159240
2159836
2159935
2160901
2161010
2161418
2161859
2162446
2163102
2163253
2163384
2163766
2165011
2166281
2167034
2169567
2170108
2170688
2170984
2172446
2172735
2172787
2172984
2173504
2174056
2174448
2174628
2175057
2178053
2178277
2178431
2178708
2179240
2179599
2179799
2179953
2180165
2180520
2180530
2180905
2181803
2182048
2182132
2182201
2182464
2183220
2183443
2183948
2183993
2184977
2185948
2186652
2187889
2188416
2189628
2189939
2190247
2191220
2193821
2195584
2196226
2197134
2197691
2197967
2198095
2198160
2198284
2198463
2199218
2200431
2200690
2200970
2202026
2202114
2202322
2202771
2203164
2203189
2203886
2203905
2204140
2204321
2204403
2204868
2205672
2208874
2210741
2211016
2211602
2212390
2213509
2213741
2214068
2214109
2214850
2215423
2215479
2216152
2216755
2217125
2217392
2217602
2218338
2219032
2219319
2219813
2220166
2220276
2221067
2221487
2222085
2222849
2222946
2223057
2223349
2223561
2224095
2224204
2224313
2224957
2225594
2225921
2226203
2227077
2228295
2228831
2229217
2229575
2229908
2230532
2230611
2230799
2234271
2234394
2234649
2235293
2235321
2235547
2235908
2236158
2236674
2237365
2238004
2238128
2238270
2238719
2239149
2239580
2240043
2240193
2240417
2240617
2240950
2241269
2241500
2242335
2243027
2243817
2244066
2244436
2247146
2247454
2247803
2247910
2248263
2249241
2249507
2249849
2250146
2250639
2250971
2251628
2252112
2252570
2253018
2253455
2253593
2253628
2254337
2255080
2255435
2256292
2256459
2258401
2258934
2259441
2259983
2262478
2263229
2266408
2266802
2266865
2267071
2267217
2268398
2268429
2268743
2269747
2269772
2270062
2270527
2272905
2273019
2273212
2274308
2274683
2275467
2276219
2277269
2278100
2278155
2278348
2279590
2280360
2281234
2282102
2282200
2282452
2282511
2282818
2284132
2284746
2285806
2286792
2289491
2290144
2290389
2291519
2291751
2292340
2292387
2292391
2292475
2292523
2292819
2293587
2294031
2295643
2297223
2297287
2297651
2298146
2298733
2299568
2299832
2300042
2300575
2300645
2300722
2300755
2301442
2301891
2302178
2302392
2302410
2303096
2303562
2303622
2304198
2304510
2306497
2307369
2307377
2307425
2307958
2308033
2308260
2308320
2308660
2308853
2309017
2309102
2309135
2309836
2309853
2311263
2311670
2312043
2312116
2313020
2313293
2313470
2313838
2313840
2314273
2314297
2314500
2314696
2314990
2315070
2315518
2316096
2318814
2320111
2320310
2320530
2321077
2322011
2322228
2323177
2323523
2324362
2324614
2324733
2324806
2327203
2327339
2327381
2327859
2327915
2328395
2329661
2329704
2329945
2330854
2330977
2331412
2331767
2332108
2332226
2332521
2332594
2333621
2333647
2333669
2334228
2334835
2335490
2335510
2335598
2336657
2337097
2337193
2337336
2337747
2337899
2338820
2339671
2340077
2341599
2342023
2344028
2344284
2344322
2344487
2344490
2344770
2345502
2346635
2346695
2347007
2347203
2348956
2349336
2349390
2349521
2351152
2353242
2353760
2355000
2355380
2355674
2356485
2357894
2358190
2358228
2359118
2360698
2361287
2362110
2362140
2362156
2363520
2363881
2364426
2364892
2364989
2365407
2365504
2366225
2366387
2366624
2366930
2366992
2368003
2368350
2369724
2370982
2370991
2371008
2371366
2372058
2372262
2372357
2372683
2373884
2374824
2375287
2375319
2375868
2375911
2376447
2376822
2377517
2377669
2377953
2378023
2378247
2378293
2378297
2378380
2378385
2378618
2378738
2379027
2379375
2379393
2379851
2380461
2380825
2381398
2381857
2382571
2384463
2384769
2385597
2385782
2386901
2387934
2389118
2389335
2389686
2389776
2390834
2390999
2391334
2391396
2391426
2391586
2391850
2392630
2392841
2393830
2393853
2394521
2394963
2395660
2396408
2398488
2398702
2398891
2399158
2399478
2399836
2400753
2401395
2401843
2401882
2401997
2402046
2402210
2402310
2402354
2402666
2402716
2403484
2404018
2404148
2404251
2404363
2404442
2404792
2405569
2406120
2407017
2407040
2407249
2407480
2408498
2408521
2408793
2409327
2409714
2410125
2410445
2411925
2413524
2413665
2413880
2415744
2416133
2416582
2418382
2418972
2419231
2419336
2419763
2420097
2420184
2420564
2420713
2420864
2421076
2421221
2421567
2422150
2422532
2424067
2424123
2424447
2426699
2427679
2427826
2428138
2428498
2428511
2428785
2430465
2431387
2431456
2433350
2433358
2433494
2434195
2434616
2435225
2435389
2436232
2437031
2438079
2440858
2441489
2441631
2443165
2443980
2444304
2444901
2444945
2445144
2445739
2445964
2447247
2448320
2448356
2448496
2449099
2449712
2450103
2450218
2450839
2452109
2453270
2454139
2455305
2455478
2455510
2456955
2458052
2458783
2459653
2459810
2460702
2461548
2461640
2462120
2462727
2463353
2463395
2464083
2464232
2464617
2464684
2465554
2465617
2466367
2466394
2466669
2466779
2467882
2467941
2468048
2468253
2468705
2469110
2469137
2469794
2469957
2471193
2472232
2472476
2473336
2474267
2474335
2475035
2475276
2475701
2476091
2476290
2476958
2477702
2478823
2479153
2479273
2479644
2479694
2480733
2480769
2482136
2482425
2482694
2482840
2483098
2483125
2484207
2484927
2485126
2485327
2485556
2485708
2485720
2486293
2486536
2486663
2487720
2488901
2489253
2489678
2490992
2491633
2493575
2495432
2497255
2497550
2497747
2498632
2498738
2498944
2499025
2499148
2501244
2501429
2502015
2502115
2503487
2503608
2503709
2505116
2505361
2506475
2506680
2507338
2507751
2507848
2508115
2508156
2509510
2509766
2510273
2510733
2510779
2512208
2512932
2513047
2514362
2514570
2514906
2515219
2516008
2516979
2517566
2518041
2518110
2518367
2518690
2518734
2518992
2519321
2520908
2521178
2521341
2521393
2521523
2521932
2522074
2522398
2522428
2522868
2522913
2523484
2524209
2524882
2525503
2526142
2526681
2526854
2526863
2526877
2527262
2528031
2528313
2528336
2528746
2528802
2528803
2529699
2530319
2530540
2530684
2531170
2531414
2532003
2532306
2532841
2533378
2533659
2534392
2534587
2534681
2534779
2534824
2534901
2535226
2536509
2536620
2536692
2537615
2537656
2537763
2537776
2539000
2539203
2539761
2539768
2539997
2541265
2541428
2541605
2542169
2542239
2543073
2543412
2544240
2544724
2545208
2546194
2546964
2548287
2548578
2548711
2549256
2550261
2550754
2550877
2551089
2551512
2552065
2552387
2553039
2555037
2555954
2556103
2556184
2556550
2556707
2557340
2558691
2558877
2559845
2560307
2560776
2561597
2561887
2562198
2562396
2562664
2562671
2562712
2563171
2563389
2564099
2564134
2564860
2565121
2565308
2565311
2566119
2566626
2566792
2567194
2567663
2568240
2568673
2568910
2569266
2569420
2569649
2571024
2571676
2571771
2573454
2574563
2576569
2576821
2577026
2577029
2577052
2577859
2578109
2578743
2579514
2582339
2583646
2583878
2584119
2584210
2584291
2586726
2587541
2587655
2588293
2588304
2590097
2590351
2590832
2591674
2592408
2593503
2593601
2594083
2594140
2595448
2595756
2596462
2597479
2597501
2597671
2598219
2599772
2600057
2600177
2600895
2600935
2601390
2602118
2602652
2602992
2603089
2603213
2603623
2603747
2604332
2605118
2605988
2606050
2606167
2606545
2607006
2607106
2607198
2607479
2607705
2607850
2608659
2608686
2609071
2609333
2609382
2609404
2609571
2610227
2610829
2611197
2611243
2611305
2611799
2612058
2612232
2612241
2613579
2613822
2614528
2615224
2616429
2616747
2616866
2617657
2618179
2618235
2618712
2618779
2618833
2619261
2619596
2619630
2620215
2621561
2621756
2622896
2623270
2623347
2623629
2623729
2624126
2624675
2624986
2625867
2626303
2626817
2626921
2627095
2627447
2627458
2628114
2628167
2628265
2628328
2628845
2628910
2629221
2630092
2630618
2631260
2631899
2631940
2632049
2632182
2632542
2632789
2633423
2634054
2634170
2635299
2635333
2636645
2637647
2637797
2637806
2637939
2638366
2640755
2641224
2641477
2643863
2643911
2643977
2644600
2645070
2645999
2646241
2646298
2646777
2647128
2647484
2648443
2648475
2648892
2649826
2651154
2652276
2652343
2652411
2652625
2653468
2653691
2653812
2654015
2654018
2654814
2654941
2655004
2655042
2655057
2655170
2655188
2655378
2655836
2655838
2656138
2656856
2657273
2657290
2657499
2657960
2658240
2658390
2658625
2661423
2661456
2661785
2661837
2664571
2664960
2666752
2667723
2668146
2668298
2668714
2669352
2669904
2670537
2671007
2671120
2671353
2671438
2671452
2675545
2675676
2678542
2679182
2679270
2679851
2680355
2681082
2681228
2681796
2682064
2682509
2682743
2682813
2683084
2683113
2684379
2684584
2684695
2684702
2684952
2685970
2686820
2687282
2687879
2687918
2688044
2688154
2689367
2690136
2690324
2690367
2690991
2691039
2691317
2691447
2691527
2692715
2692731
2693510
2693624
2694088
2695649
2696823
2697354
2697922
2698796
2699338
2699485
2701337
2701415
2701593
2701645
2701860
2702451
2704039
2704870
2705544
2705734
2706225
2706810
2706862
2707298
2707758
2708503
2708590
2708703
2709778
2710778
2711276
2711323
2711743
2712049
2713462
2714362
2715777
2717799
2717868
2719186
2720024
2720335
2720465
2723064
2723229
2724741
2724835
2725192
2726459
2726558
2726863
2727641
2728046
2728208
2728898
2729089
2729545
2729947
2730364
2731337
2731759
2732124
2732178
2732839
2733422
2733913
2735977
2736446
2736852
2737215
2737642
2737712
2737720
2737758
2738814
2738942
2739345
2739555
2739821
2740472
2740557
2741893
2742521
2743061
2743097
2743207
2743223
2744020
2744610
2744967
2745154
2745854
2746150
2746762
2746794
2747192
2748472
2748810
2748900
2750367
2751508
2752699
2753129
2754798
2755158
2755334
2755668
2755744
2756731
2756903
2756951
2758011
2758020
2758909
2759015
2759451
2759580
2759618
2760017
2760785
2761084
2761175
2761410
2761718
2761825
2762330
2762385
2762826
2763614
2763914
2764300
2764379
2764404
2764475
2764680
2764998
2765628
2766036
2766105
2766214
2766277
2766440
2766729
2767105
2767653
2768014
2768841
2769829
2769839
2769988
2770022
2770621
2771015
2771773
2772478
2773021
2773650
2773749
2774406
2774788
2774853
2774920
2775205
2775261
2775519
2776159
2776623
2777582
2777650
2778001
2778081
2778540
2779260
2779895
2780068
2780108
2780658
2781103
2781452
2782658
2784305
2784324
2784484
2784523
2785893
2786107
2787452
2787927
2787930
2788274
2789818
2790417
2790871
2791778
2792328
2792834
2793977
2794245
2794256
2794630
2794643
2795657
2796186
2796447
2797299
2797855
2798572
2798635
2799695
2800101
2801001
2802304
2802570
2803054
2803565
2803957
2805796
2806021
2806159
2806257
2806774
2806938
2807780
2808495
2808691
2810383
2810480
2811387
2811839
2812567
2813773
2813856
2814484
2814750
2814884
2815310
2816014
2816310
2816522
2817157
2817220
2817436
2817824
2818089
2818129
2818202
2818395
2818666
2820407
2820707
2821751
2823662
2823834
2823968
2823994
2824204
2824604
2824882
2825923
2826808
2827117
2827785
2829164
2830638
2831314
2832881
2833091
2833270
2833492
2833584
2834256
2835379
2836520
2836666
2837499
2837513
2837526
2837543
2837802
2838293
2838466
2838804
2838899
2839254
2839282
2839837
2840582
2840762
2841597
2842897
2844240
2846090
2846898
2847692
2848654
2848800
2850480
2850495
2851118
2851404
2851541
2853022
2853496
2854806
2854998
2855404
2855760
2855787
2855833
2855956
2856983
2857695
2857918
2858120
2858658
2858827
2859404
2859573
2859575
2860130
2860398
2861214
2861318
2861499
2862570
2863486
2863558
2863773
2863928
2864787
2864943
2866898
2867562
2867631
2867928
2868183
2868494
2868666
2869445
2869481
2869806
2869835
2870330
2870623
2870872
2871094
2871291
2871641
2873659
2873992
2874229
2874451
2874837
2875252
2875522
2875812
2877136
2877488
2878304
2878366
2878529
2878574
2878988
2881329
2881704
2882550
2882947
2884518
2884555
2885304
2887575
2888126
2888702
2889067
2889832
2889903
2889940
2890173
2890574
2891609
2891996
2893078
2893596
2894238
2894525
2896244
2896880
2897037
2897916
2898220
2898250
2900247
2900751
2902148
2903242
2903489
2904220
2907137
2907474
2907734
2907751
2908008
2908517
2908561
2908695
2910686
2910758
2911313
2911938
2911977
2912848
2912871
2914045
2914152
2914303
2914922
2915431
2915623
2916381
2916520
2917731
2919399
2919561
2919825
2919865
2919866
2920520
2920578
2920890
2921587
2921640
2922654
2922834
2922974
2923017
2923059
2923521
2923770
2925599
2926185
2927129
2927904
2928703
2929778
2929889
2929891
2930021
2930122
2930151
2930739
2930784
2931622
2931717
2931938
2932501
2932573
2933278
2933775
2933849
2935370
2935378
2935578
2936277
2937326
2937407
2937843
2938486
2939746
2940796
2942281
2942546
2942696
2942952
2945837
2946252
2946445
2948025
2948491
2948636
2948944
2949460
2949737
2951652
2951682
2951864
2952542
2952709
2952766
2952783
2952790
2952951
2953278
2954288
2954310
2954877
2955594
2956762
2957101
2958113
2958225
2959324
2959388
2959767
2959801
2960646
2961461
2961562
2961571
2962003
2962574
2963651
2964186
2964427
2964571
2966379
2966548
2966744
2967052
2967456
2968144
2968317
2968387
2968573
2969033
2969775
2969786
2970452
2971197
2971508
2971786
2972001
2972652
2972711
2972863
2973181
2973217
2974160
2975272
2976623
2976644
2976670
2976827
2976939
2976997
2978050
2978540
2978702
2979124
2979159
2979279
2979824
2980458
2980506
2980808
2981079
2982265
2983512
2983869
2984065
2984658
2985758
2985857
2986220
2986578
2988071
2988152
2988847
2988923
2989522
2990010
2990130
2990192
2991081
2991175
2991661
2992897
2993977
2994359
2994683
2994765
2995986
2996498
2996776
2997144
2998793
2999820
3000727
3001216
3001458
3001659
3001708
3002396
3003992
3004312
3004429
3004469
3005240
3005536
3005808
3006022
3006050
3006072
3006351
3006582
3007022
3007023
3008214
3011191
3011192
3011237
3011343
3011385
3012344
3012736
3012797
3013580
3013795
3013847
3014536
3014666
3014737
3016453
3017646
3018285
3018863
3018901
3019188
3019244
3019571
3020308
3020488
3021719
3021989
3022367
3023852
3023905
3024305
3025179
3025820
3025845
3026241
3026812
3026816
3028720
3029081
3029507
3030074
3030298
3030448
3031131
3031318
3031670
3032241
3032473
3032668
3032717
3033257
3034580
3034599
3035658
3035788
3037468
3038996
3039608
3039822
3040376
3040959
3041026
3041050
3041137
3043091
3043421
3043640
3043781
3044329
3044934
3045182
3045810
3046225
3046371
3046541
3047344
3047847
3048202
3049556
3049810
3050591
3050812
3051255
3051328
3051497
3052361
3052554
3052787
3053279
3053610
3055225
3055593
3056711
3057102
3057155
3057189
3057313
3058153
3059082
3059121
3059828
3059970
3060980
3062250
3063110
3063206
3063518
3063591
3063787
3065421
3066048
3066696
3068636
3068894
3069976
3071214
3071510
3071583
3072280
3073751
3073780
3074252
3074555
3074672
3075074
3075943
3076820
3077534
3077574
3079095
3079118
3080606
3081093
3081299
3081400
3081626
3081970
3082283
3082693
3083237
3084581
3084731
3085300
3085776
3086605
3086686
3087063
3087957
3088047
3088170
3089937
3089976
3090148
3090849
3090916
3091474
3091770
3092031
3092944
3093081
3093433
3093766
3094121
3095326
3095858
3096855
3099073
3099415
3100452
3101554
3101718
3102084
3102158
3102205
3102254
3102533
3103189
3103774
3103917
3105104
3105974
3105979
3106074
3106469
3106496
3106781
3106841
3106976
3109291
3109765
3109858
3111195
3112246
3112372
3112886
3113544
3113636
3113884
3114658
3114844
3114880
3115479
3115510
3115929
3115951
3115972
3116581
3120111
3120424
3120670
3120754
3120862
3121249
3121953
3122044
3126001
3126710
3127338
3127487
3129441
3129621
3129854
3130345
3131995
3132218
3132597
3132958
3133087
3133752
3133836
3134810
3136289
3136928
3137345
3137929
3138409
3138775
3138925
3139470
3139825
3140087
3140896
3141169
3141881
3142914
3143188
3143645
3144311
3144347
3144485
3144646
3145043
3145386
3145434
3145453
3145574
3145647
3146017
3146964
3147079
3147789
3148489
3148786
3149648
3150146
3150490
3150706
3151675
3152674
3152815
3153149
3153175
3153491
3153969
3154374
3154535
3155212
3155701
3156011
3156192
3156239
3157661
3158070
3158579
3158985
3159285
3159377
3161397
3162028
3163285
3163874
3164116
3164489
3166040
3166962
3167190
3167249
3167407
3167449
3167509
3167696
3167770
3169560
3169597
3169622
3170653
3171026
3171284
3171859
3171893
3171894
3171947
3172008
3172044
3172466
3173288
3174229
3174300
3174486
3174596
3175388
3175788
3176382
3176508
3176890
3176982
3180244
3180593
3180643
3180758
3181232
3181408
3182342
3182567
3182985
3184315
3185173
3185723
3185896
3185924
3186363
3186808
3187702
3188222
3188946
3189018
3189319
3189320
3189748
3190673
3191859
3191877
3192605
3192757
3193054
3193774
3193919
3193993
3195528
3195643
3195743
3196614
3196801
3197924
3198520
3199184
3199234
3199361
3199542
3199666
3199822
3200315
3200623
3200825
3201537
3201805
3202210
3202649
3203637
3204350
3205360
3205875
3205919
3206274
3206304
3206497
3206834
3207694
3208161
3208398
3209053
3209275
3209395
3209640
3210165
3210406
3210857
3211116
3211331
3212570
3213034
3214489
3214897
3215448
3215647
3216301
3216643
3217037
3217331
3217549
3218483
3218765
3218845
3219639
3219958
3220146
3220945
3220996
3221847
3221879
3222120
3222436
3223174
3223377
3225041
3225439
3226363
3226652
3226853
3227176
3227215
3227253
3227589
3228174
3228498
3228591
3229422
3229592
3231687
3232037
3232290
3234372
3234509
3235467
3235827
3236092
3236338
3236777
3236845
3237446
3237703
3238999
3239170
3239228
3239950
3240465
3241297
3241713
3242840
3242840
3244897
3245781
3246163
3246972
3247459
3247803
3247831
3247974
3248068
3248541
3248636
3249173
3249892
3250472
3251710
3251859
3252286
3252424
3253391
3253490
3253972
3254054
3254744
3256864
3256936
3257109
3258270
3258471
3258559
3258789
3259061
3259227
3259282
3259289
3259437
3259581
3260532
3260533
3261551
3262452
3262933
3263217
3263522
3264083
3264323
3264344
3264450
3264988
3265885
3267234
3268789
3269861
3270372
3271093
3271562
3272537
3272769
3273000
3273932
3273997
3274361
3274945
3275054
3276106
3276275
3276587
3277240
3278194
3279824
3280014
3280373
3280548
3280594
3280736
3281357
3282239
3282530
3282571
3282765
3282889
3282911
3283152
3283221
3283228
3283240
3284402
3284456
3284506
3284879
3285189
3285218
3285550
3286165
3286471
3287595
3287798
3288101
3289372
3289956
3290064
3290378
3291674
3291690
3292206
3293397
3293880
3294663
3296286
3297054
3297247
3297324
3297554
3298124
3298317
3298353
3298864
3299255
3299457
3299578
3299584
3299662
3300169
3300775
3301152
3302125
3302374
3302435
3302877
3303437
3303692
3303696
3303737
3305144
3305254
3305334
3306555
3306783
3307052
3307338
3307459
3309236
3310332
3310674
3310944
3312057
3312094
3312330
3314336
3315731
3315837
3315965
3316222
3316544
3316607
3316698
3317805
3318260
3318327
3318500
3318651
3318773
3318815
3319472
3319829
3321293
3322796
3322873
3323526
3324319
3324633
3324676
3324745
3325169
3325193
3325244
3325852
3326069
3326093
3326524
3326822
3326930
3327740
3327880
3328109
3328735
3328792
3328887
3330187
3330399
3330603
3330867
3331402
3332228
3332305
3332674
3333151
3334198
3334790
3334978
3335266
3335316
3335508
3335842
3336451
3336795
3337526
3337688
3338335
3338397
3338770
3340132
3341756
3341789
3342796
3343159
3343547
3343713
3345018
3345706
3346150
3346304
3347036
3347438
3347621
3347625
3347792
3347955
3349056
3349308
3349326
3349334
3349702
3349736
3350098
3350231
3350743
3351627
3352406
3352644
3353150
3353657
3354011
3355543
3356471
3357148
3357514
3357585
3357646
3358417
3358753
3359285
3359602
3359863
3360294
3360491
3360722
3360826
3360944
3361319
3362039
3362526
3362571
3362666
3363262
3363728
3365436
3365522
3367243
3367390
3367480
3367612
3367813
3368836
3369283
3369297
3369848
3369937
3370582
3370867
3370920
3372055
3372421
3373213
3374019
3374415
3375495
3375537
3375585
3375676
3375882
3376207
3376729
3376997
3377682
3378218
3378264
3378908
3379978
3380403
3381083
3381335
3382635
3382737
3382787
3382957
3383025
3383124
3383314
3384107
3384859
3385167
3386830
3386834
3386870
3387546
3387564
3387568
3387729
3388778
3388847
3388918
3389211
3389791
3389915
3390088
3390449
3391555
3392076
3392351
3392512
3392822
3393372
3393766
3394486
3394709
3395581
3395788
3396029
3396130
3396926
3397824
3399530
3400089
3400795
3401007
3401503
3402016
3402494
3402573
3402650
3402713
3402827
3403820
3405209
3405297
3405385
3405397
3405563
3406729
3407803
3409400
3409905
3409928
3410809
3411180
3411398
3411684
3411895
3412682
3412912
3413749
3413848
3414411
3414842
3415131
3417246
3417299
3417665
3419068
3419123
3419255
3420772
3420797
3421075
3421202
3421316
3421443
3421521
3422603
3423434
3423472
3424162
3425189
3425761
3426702
3427160
3427172
3427401
3427411
3427955
3428429
3428812
3429155
3429881
3430040
3430875
3431302
3432150
3432874
3432983
3433464
3433771
3434431
3434769
3435253
3435582
3435800
3436104
3436857
3436858
3439524
3440302
3440319
3440360
3440651
3440847
3441956
3443632
3445488
3445591
3445606
3445802
3446217
3446617
3446733
3447190
3447334
3448042
3448370
3448497
3448863
3449300
3449340
3449707
3450003
3450136
3450602
3451645
3451752
3452454
3452682
3453502
3453614
3453670
3453719
3453754
3455694
3455778
3456321
3456450
3457195
3458300
3458926
3459550
3459695
3462310
3464593
3465571
3465650
3465756
3466680
3467109
3467188
3467610
3468624
3469034
3469142
3469850
3470407
3470908
3470961
3471289
3471436
3472585
3473432
3474061
3474669
3474761
3475365
3475483
3477117
3477193
3478093
3478391
3479029
3479208
3479818
3479942
3481452
3482807
3484530
3484948
3485786
3486060
3486874
3487454
3488800
3489226
3489625
3490888
3490987
3490992
3492193
3492365
3493385
3493394
3494199
3494467
3494572
3494747
3495080
3495302
3496255
3497098
3497360
3498269
3498483
3498551
3498882
3499238
3499604
3499999
3500215
3500685
3500828
3502217
3502419
3502712
3503818
3504710
3505851
3505979
3506203
3507612
3507640
3508544
3508653
3509007
3509097
3509374
3510499
3511271
3511667
3511724
3512960
3513501
3515032
3515138
3515181
3515834
3516475
3516516
3516795
3517572
3518004
3518108
3518109
3518109
3518692
3520172
3520293
3520561
3520651
3521315
3521531
3522548
3523155
3523688
3524085
3524403
3524697
3524805
3524997
3525972
3526392
3526607
3527145
3527395
3527431
3527814
3529153
3529330
3530091
3530288
3531701
3532829
3533186
3533461
3535397
3535578
3535606
3536238
3536752
3537655
3537853
3538003
3538593
3539094
3539189
3540195
3540677
3540737
3541647
3542261
3542453
3542629
3543376
3543514
3546073
3546239
3546453
3547236
3547633
3547983
3548616
3549780
3550335
3550952
3551583
3551751
3553336
3553358
3553565
3555457
3555963
3556304
3556704
3557159
3557319
3557575
3558795
3559250
3559338
3561775
3562231
3562255
3562302
3562760
3563056
3563236
3563298
3563999
3564147
3565190
3565535
3565659
3566668
3567443
3568222
3568907
3568954
3569167
3569928
3570821
3571055
3571414
3571460
3571954
3573132
3573140
3573909
3574083
3574289
3576743
3576752
3576882
3576916
3577387
3577985
3578264
3578457
3578880
3578996
3579138
3579332
3579795
3580376
3580439
3582059
3582345
3582423
3582758
3582781
3583304
3584017
3584021
3584299
3584437
3584693
3585251
3585259
3585746
3586237
3586338
3588385
3588827
3589107
3589746
3589798
3589884
3590809
3591538
3591999
3592235
3592257
3592453
3592533
3592821
3593119
3593301
3593700
3595697
3597815
3598534
3598858
3598971
3599602
3600115
3600741
3600958
3601101
3601255
3601711
3601902
3602617
3602656
3603178
3604137
3604168
3604718
3606054
3607158
3608441
3609353
3609607
3610306
3611298
3612437
3613492
3614275
3614353
3614519
3616179
3616326
3616375
3616536
3616827
3616976
3618174
3619032
3619787
3620575
3621330
3621344
3622401
3622838
3624370
3624788
3625223
3625437
3625651
3625818
3625999
3626966
3627186
3627893
3627974
3629633
3630122
3630686
3630885
3631137
3631592
3632577
3632689
3635081
3635250
3635511
3636150
3636805
3637366
3637384
3638387
3639393
3639589
3640052
3640564
3640669
3642155
3644110
3644179
3644317
3644474
3644693
3645381
3645455
3646822
3647160
3647347
3648216
3648415
3648911
3649193
3649494
3650211
3652114
3652434
3652544
3652705
3655816
3656531
3656769
3656948
3657634
3657810
3658099
3659415
3660597
3661726
3662312
3662537
3662634
3662645
3662804
3663146
3663829
3664249
3664814
3665058
3666626
3666631
3666793
3667183
3667547
3667711
3668453
3669197
3670609
3670661
3671021
3671573
3672827
3673170
3673387
3673397
3673479
3674550
3675395
3675423
3675628
3676037
3676450
3676588
3677018
3677018
3679242
3679569
3679708
3679842
3680663
3681261
3681532
3682123
3682581
3682825
3682849
3683271
3683999
3686072
3686110
3686338
3686615
3686866
3688011
3688567
3688827
3689268
3689289
3689566
3689690
3689858
3690006
3690541
3690761
3691656
3691803
3692510
3692995
3693078
3693286
3693569
3693836
3693888
3694190
3694758
3695061
3695068
3695292
3697383
3697887
3698235
3698311
3698955
3699186
3699861
3700432
3701134
3701753
3702302
3702989
3703323
3703360
3703485
3703503
3705126
3705429
3706227
3707345
3707721
3707842
3707892
3709788
3710338
3710670
3710673
3710761
3711646
3711648
3712333
3712812
3713300
3713475
3713704
3714086
3714651
3714837
3715342
3716622
3716977
3717076
3717533
3717547
3717953
3718140
3718722
3718748
3719705
3719886
3720098
3722006
3722342
3722425
3724120
3724207
3724439
3725127
3725568
3725584
3726227
3726836
3728390
3729094
3730564
3730916
3731200
3731692
3731983
3732502
3732510
3733539
3734055
3734782
3734827
3735385
3735448
3736510
3736851
3737166
3737609
3737662
3737891
3737992
3738024
3738562
3738922
3739029
3740289
3740775
3740782
3741863
3742935
3743216
3743405
3743500
3744442
3745345
3745582
3746247
3747659
3747705
3751109
3751356
3751556
3751720
3752211
3753070
3754072
3754366
3754617
3755714
3755745
3756767
3757428
3757928
3759056
3759862
3759950
3759981
3760094
3760378
3761972
3762696
3762730
3763939
3764513
3765165
3765670
3766119
3766409
3766657
3767758
3768421
3768637
3771216
3773042
3773094
3775147
3775479
3776224
3777989
3778910
3779002
3779055
3779912
3780518
3780852
3781229
3781279
3781508
3781526
3781985
3782364
3783038
3783300
3783371
3784310
3784807
3784845
3784958
3785121
3785158
3785161
3785768
3785846
3785909
3786503
3787082
3787887
3787995
3788821
3788896
3788961
3788963
3789226
3789919
3789988
3791183
3792104
3793397
3794365
3795690
3797054
3798765
3799409
3801660
3802096
3802672
3802720
3803393
3803737
3804204
3804819
3804831
3808598
3808981
3809518
3810128
3811699
3813919
3814059
3814836
3815538
3815750
3815904
3816226
3817193
3817349
3817357
3817520
3819210
3819302
3819423
3820328
3821061
3821199
3823390
3823886
3823950
3824395
3825367
3825970
3827135
3827282
3828682
3828882
3830084
3830401
3831004
3831335
3831493
3831506
3831892
3831907
3832248
3832809
3833108
3833619
3833781
3833947
3834214
3835075
3836247
3836395
3838270
3838495
3838961
3839322
3839468
3839832
3840521
3841539
3841594
3841663
3842940
3843322
3843433
3846748
3847061
3847303
3847405
3847757
3847763
3847889
3848028
3848091
3848599
3850180
3851009
3851783
3852193
3853844
3854323
3854388
3854509
3854759
3854848
3854924
3855030
3855267
3855612
3856749
3857467
3858012
3858398
3862119
3862229
3862795
3863020
3864682
3865856
3865891
3866607
3866661
3866928
3867581
3867896
3868063
3868087
3868275
3869270
3869664
3869887
3869961
3870219
3870301
3870756
3871019
3871079
3871143
3871148
3871358
3871458
3871660
3872461
3872519
3872608
3872763
3873507
3874264
3874611
3875540
3876559
3876940
3877037
3878689
3878850
3879052
3880715
3882720
3882999
3883028
3884078
3885356
3885530
3885703
3887082
3887083
3887315
3888407
3888535
3888552
3889466
3889935
3890229
3891115
3891750
3893057
3894450
3894713
3895308
3895929
3896103
3896352
3896435
3897643
3899464
3901378
3901570
3901626
3902158
3902578
3902740
3902759
3902980
3903056
3903374
3903574
3905448
3905450
3905517
3906591
3906874
3907383
3907488
3907805
3908178
3908206
3908424
3910120
3910622
3911335
3911516
3911585
3911776
3911782
3911974
3912000
3912392
3912948
3913313
3914227
3914347
3915378
3915760
3915813
3916801
3917366
3918731
3919079
3919200
3919292
3919451
3919811
3920130
3921595
3921745
3923553
3924128
3924856
3925056
3925293
3925744
3926343
3926361
3926532
3927730
3928688
3930015
3930515
3930603
3930652
3931234
3932820
3932896
3933051
3933075
3933147
3934216
3934413
3934567
3935120
3935278
3935907
3936871
3937134
3938413
3938475
3938936
3939176
3939365
3940199
3940497
3940597
3940906
3941015
3941415
3941627
3942488
3942671
3943297
3944378
3945475
3947123
3947403
3947544
3948132
3948413
3949887
3952682
3953022
3954845
3955545
3955550
3955651
3957303
3958321
3958436
3959256
3959543
3959684
3960483
3961020
3961031
3961074
3961315
3961380
3961598
3961655
3962424
3962551
3963559
3963618
3963799
3963862
3964410
3964533
3965169
3967107
3967774
3968505
3969836
3969860
3970612
3970895
3970922
3972145
3972292
3974082
3974391
3974541
3974907
3975251
3975307
3976370
3976436
3976551
3976567
3977053
3977619
3981180
3981239
3981288
3981351
3982419
3982616
3982619
3982904
3982972
3983430
3983593
3983671
3985021
3985653
3985938
3986352
3986722
3986830
3987105
3987416
3988728
3988841
3989069
3989611
3990077
3990331
3991042
3991058
3991238
3991925
3992060
3992718
3992897
3992984
3994525
3995416
3995863
3996058
3996152
3996982
3997495
3997977
3998552
3999627
4000397
4000708
4001948
4002578
4003386
4003833
4004421
4006043
4007013
4007395
4007400
4007657
4007790
4008687
4011624
4011677
4011767
4011829
4012323
4012343
4012363
4013145
4013638
4013860
4014204
4014748
4016193
4016643
4016688
4016979
4017229
4017605
4018111
4018471
4018915
4020641
4020830
4022372
4022935
4024028
4025862
4025997
4026195
4026853
4030040
4030283
4030369
4032712
4033701
4033828
4033876
4034407
4034531
4035822
4036117
4036394
4036626
4037333
4037705
4038043
4038188
4038378
4040812
4040958
4042028
4042346
4042961
4042994
4043064
4043951
4044106
4044449
4044660
4045175
4045361
4045467
4045720
4046016
4046213
4046355
4046525
4046534
4046634
4046652
4047001
4048377
4048758
4048852
4048890
4049904
4050635
4051325
4053532
4053767
4054375
4054475
4054838
4055782
4056781
4057094
4057716
4057754
4057944
4058323
4058330
4058735
4058930
4058945
4059539
4059668
4059858
4060299
4060318
4060467
4061019
4061173
4061620
4062307
4062805
4063831
4063843
4064622
4064689
4064709
4064775
4065458
4066486
4066997
4067039
4067060
4067841
4067989
4068000
4068808
4068877
4069108
4069962
4070310
4071423
4071873
4073151
4073333
4074197
4074914
4075286
4075577
4075597
4076370
4076594
4076696
4076915
4076944
4077468
4079367
4079473
4079687
4079814
4079837
4080593
4081025
4081967
4082510
4082527
4083097
4084600
4085068
4085640
4085877
4086009
4086518
4086958
4087294
4087316
4087406
4087411
4087498
4087589
4087627
4087923
4088122
4088245
4088904
4090583
4090820
4090981
4091221
4091223
4091323
4091684
4091973
4092255
4092729
4093049
4093364
4093470
4093793
4093824
4094390
4094597
4094843
4095023
4095381
4096433
4096609
4096992
4097064
4097987
4099032
4099259
4099368
4099508
4100836
4101288
4101707
4102023
4102194
4104512
4106517
4107461
4108039
4110284
4110285
4111526
4111922
4112244
4114309
4114393
4114968
4116370
4116811
4116958
4117084
4117934
4118105
4118447
4119976
4120107
4120296
4121756
4121827
4122295
4124424
4124865
4125303
4126296
4126911
4127484
4127960
4128122
4128329
4128776
4129420
4129716
4131064
4132256
4132486
4133152
4133537
4133540
4135296
4135345
4136170
4136481
4136814
4137331
4137420
4137632
4137902
4138226
4139870
4139983
4140782
4141087
4141970
4142303
4142496
4143358
4144243
4144277
4144774
4145350
4145370
4145515
4145707
4146134
4146546
4146714
4147210
4147346
4147828
4149105
4150622
4150890
4151370
4152226
4152668
4153359
4153681
4153923
4153968
4154414
4154803
4154863
4155052
4155747
4155909
4156186
4156454
4156736
4156887
4157939
4158009
4158387
4160875
4160896
4161554
4162200
4162443
4163649
4163900
4164046
4165010
4166441
4168130
4168268
4168318
4168717
4168903
4171440
4171853
4171983
4172236
4172919
4172952
4173189
4173349
4174947
4175255
4175466
4177134
4177307
4178880
4179275
4180295
4180726
4181061
4182376
4182409
4183181
4183896
4184264
4184512
4184843
4184950
4185160
4185404
4185433
4185820
4187599
4187775
4188548
4188774
4189156
4190420
4191195
4191815
4191953
4192807
4192929
4193947
4195159
4195323
4195939
4196042
4196700
4197328
4197852
4198203
4198339
4198448
4198460
4200096
4201104
4201476
4201650
4201790
4201837
4202718
4203105
4203450
4203487
4203651
4204096
4204367
4204599
4204649
4205392
4206436
4206522
4206544
4207191
4207363
4208727
4209448
4209870
4210011
4210305
4210621
4211183
4211608
4211829
4211865
4211904
4213216
4213877
4213918
4214285
4215607
4217670
4218138
4218446
4218901
4219582
4219851
4220593
4221081
4222221
4222230
4222410
4224294
4225446
4227580
4228120
4228175
4229251
4229675
4230007
4231426
4233739
4235224
4235283
4235303
4235865
4235922
4235943
4236115
4236321
4236519
4236569
4236829
4236838
4238498
4238789
4238944
4239070
4239157
4239558
4240041
4240516
4241770
4241966
4242123
4242577
4243916
4244143
4244495
4244563
4246256
4246932
4247662
4248222
4249816
4250697
4252301
4252386
4252742
4252882
4253801
4254386
4254620
4255313
4257073
4258399
4258449
4259745
4260279
4261667
4262423
4262604
4263863
4264171
4264639
4265196
4266029
4266330
4266631
4266733
4267046
4267445
4268339
4269652
4270115
4270210
4270582
4270952
4271032
4271084
4271225
4271432
4271494
4271706
4272354
4273213
4273889
4274465
4274774
4274943
4275656
4276642
4277655
4278264
4278513
4279380
4279590
4281974
4282669
4283098
4283474
4283994
4284836
4285036
4285161
4286035
4287196
4287294
4287575
4287692
4288098
4288467
4288820
4289121
4289927
4290223
4290922
4291009
4291681
4291727
4291813
4291819
4291849
4291923
4292035
4292607
4292773
4292816
4292819
4294144
4294453
4294748
4295317
4295464
4295806
4296324
4296754
4297098
4297775
4298063
4298229
4298586
4298669
4299077
4300668
4300933
4301180
4301331
4301434
4301580
4302161
4302410
4305136
4305487
4306202
4306598
4306757
4307218
4307385
4307787
4308419
4309011
4309302
4309952
4311534
4312597
4312689
4313181
4313533
4313630
4313960
4314706
4314994
4315200
4316721
4316984
4318106
4318748
4319592
4320424
4320508
4320735
4320904
4320917
4321093
4321462
4321771
4322744
4323389
4323545
4323724
4323746
4323790
4323998
4324362
4324749
4327174
4327681
4327695
4328072
4328223
4328232
4328496
4328505
4328674
4329097
4329100
4329505
4330594
4331281
4331417
4331555
4331723
4333796
4333892
4334491
4334586
4334946
4337519
4337759
4338721
4339690
4339894
4340056
4340144
4340285
4341116
4341699
4342132
4342884
4343002
4343158
4343658
4343871
4344303
4344832
4344864
4345059
4345524
4346213
4346914
4347369
4347795
4348308
4349223
4349389
4349969
4350052
4350506
4350692
4350732
4352035
4352707
4352949
4353739
4354019
4355140
4355178
4355625
4356124
4356909
4356985
4357135
4357713
4357803
4359134
4359682
4359748
4359897
4360256
4360809
4361287
4361760
4362071
4362416
4363102
4365148
4365251
4365414
4365465
4365828
4366246
4367262
4367419
4368297
4368712
4369070
4369766
4371110
4371432
4371495
4371745
4371837
4372154
4374313
4374589
4374888
4375322
4375374
4376242
4376994
4377107
4377174
4378361
4378543
4379731
4379884
4380012
4380506
4380790
4381020
4382593
4382625
4382721
4382891
4383258
4383472
4384578
4385040
4385507
4386005
4386599
4387342
4387503
4387774
4387835
4388770
4388918
4389057
4389471
4389827
4390202
4390524
4390862
4391517
4396749
4398122
4399012
4399395
4400219
4400941
4401132
4401312
4401618
4402546
4403833
4404092
4404483
4404769
4404853
4405065
4405241
4406433
4406437
4407136
4407197
4407350
4407430
4407552
4407624
4407822
4407943
4408893
4409077
4409195
4409987
4410006
4410496
4410576
4411507
4411937
4412077
4412187
4412461
4412883
4413222
4413392
4413708
4414089
4415199
4415373
4415663
4416096
4416945
4418275
4419947
4420098
4420536
4421439
4421560
4421951
4422613
4423500
4423780
4424274
4424421
4424594
4424748
4425384
4427050
4427707
4428416
4429347
4429492
4430373
4431013
4431127
4431500
4432057
4432528
4432580
4432811
4433366
4434726
4434831
4434880
4435095
4435673
4435675
4435756
4435798
4436007
4436341
4436384
4437251
4437524
4437663
4437986
4438008
4439508
4439566
4439621
4439659
4440910
4441296
4441391
4442431
4442459
4443009
4443457
4443656
4443904
4443973
4446321
4446323
4446646
4449615
4449778
4449801
4450225
4450529
4450901
4451866
4452114
4452651
4453317
4453328
4454411
4456376
4456614
4456704
4457241
4460625
4461154
4461468
4461765
4461837
4462966
4463391
4463394
4463420
4463663
4463963
4464154
4465339
4465479
4465671
4466975
4467568
4467985
4468126
4468669
4469468
4469614
4469998
4470917
4471223
4471396
4472159
4472303
4472823
4473341
4473463
4474519
4474522
4475222
4475748
4475933
4476810
4477219
4477338
4477956
4478015
4480841
4481492
4481670
4481909
4482825
4483071
4483259
4484549
4485094
4486270
4487887
4487905
4489230
4489818
4490988
4491252
4491320
4492054
4492596
4493468
4493988
4494088
4494926
4496626
4499003
4499122
4499385
4500156
4500484
4500613
4501279
4501755
4501828
4502119
4502753
4502813
4502989
4503334
4503339
4503366
4503405
4503973
4504493
4504499
4506888
4507198
4507233
4507546
4507902
4508408
4508939
4509032
4509524
4510546
4510558
4510925
4511098
4511316
4511591
4511976
4512447
4513065
4513084
4513177
4514148
4515001
4515673
4516659
4516871
4517627
4518148
4518193
4518277
4519027
4520601
4521135
4521263
4521296
4521759
4522066
4522484
4523064
4523571
4523593
4524437
4524507
4524760
4524882
4525453
4526190
4526402
4526783
4527254
4528050
4528074
4528833
4528931
4529359
4529360
4529796
4530217
4530375
4532083
4532675
4532814
4533354
4534618
4535100
4535364
4536037
4537763
4538507
4538576
4538725
4539370
4539403
4539778
4540424
4541221
4541775
4541869
4542220
4544133
4544743
4545883
4548561
4548675
4549190
4549241
4549730
4549834
4550151
4551096
4551155
4551643
4552116
4552826
4553465
4554264
4554385
4554836
4555086
4555182
4555442
4555469
4555672
4555878
4555900
4556093
4556574
4556647
4556648
4556896
4557738
4557931
4559119
4559463
4559561
4559804
4560326
4560890
4561038
4561498
4561759
4562321
4563172
4563692
4564175
4564394
4565306
4565554
4567161
4567978
4568256
4568709
4568716
4569171
4569353
4569732
4569962
4571099
4571399
4571655
4571656
4571752
4571757
4571863
4571883
4572396
4572927
4572932
4573698
4574183
4574433
4575122
4575713
4577585
4577715
4578079
4578335
4579662
4580427
4580453
4580552
4581773
4583452
4583756
4584804
4584833
4586186
4586498
4586970
4587237
4587843
4588020
4588270
4589116
4589285
4590634
4592360
4592501
4592848
4594343
4594829
4594866
4595331
4596137
4596212
4596725
4597057
4597398
4597529
4599175
4599237
4599619
4601214
4601341
4601728
4602380
4602545
4602990
4603212
4603239
4603445
4603705
4603811
4604529
4605465
4605693
4605763
4605980
4606172
4606369
4606922
4607034
4608297
4609032
4609281
4609627
4610017
4610458
4610650
4610737
4611523
4611623
4612651
4613534
4613975
4614220
4615562
4615899
4615919
4616111
4616236
4616536
4617120
4617892
4618670
4618675
4619378
4619513
4619760
4621200
4621543
4621562
4623151
4623205
4623440
4623743
4623776
4624012
4624894
4625260
4625311
4625336
4625989
4626116
4626133
4627591
4627663
4627953
4628513
4628657
4629901
4630262
4630716
4630938
4630994
4631512
4632340
4632441
4633756
4635094
4635563
4635953
4636442
4636650
4636898
4637559
4637742
4638504
4638891
4638906
4639219
4639498
4639523
4640796
4640798
4641007
4641574
4642130
4642202
4642400
4642575
4642798
4643137
4643448
4643473
4643700
4645093
4645988
4646111
4646697
4647015
4648519
4649078
4649601
4650445
4650489
4650810
4650911
4650934
4651079
4652014
4652110
4652237
4652509
4652529
4652574
4653405
4654043
4654836
4655292
4655857
4655875
4656108
4656382
4656929
4657406
4658259
4658783
4658895
4659232
4659431
4659483
4659642
4660008
4660149
4660606
4660746
4661177
4661393
4661912
4662241
4662323
4662785
4663193
4664310
4664403
4665132
4665742
4667231
4668672
4669080
4669465
4669744
4670501
4670508
4670565
4671129
4671153
4672453
4672862
4672978
4673358
4673695
4674058
4674156
4675195
4675427
4675661
4675727
4675765
4675767
4676367
4676387
4677004
4678016
4678242
4678627
4679045
4679607
4679633
4680499
4681345
4681551
4682616
4682651
4682689
4682805
4683089
4683297
4683314
4684735
4684931
4685787
4685898
4686474
4686649
4686794
4688010
4688211
4688465
4689649
4690014
4691578
4692214
4692313
4692839
4692862
4692951
4693175
4693203
4693316
4693800
4695224
4695809
4695965
4697265
4697693
4697845
4698879
4698961
4700349
4700715
4701503
4701610
4701812
4701905
4702183
4702304
4702416
4703319
4703403
4703439
4703715
4703781
4704093
4704583
4705271
4705979
4706867
4707038
4707314
4707331
4708608
4708640
4709119
4709212
4709337
4710033
4710251
4711241
4711274
4711407
4712637
4712779
4713877
4714332
4714452
4714600
4714726
4716768
4716842
4718032
4718149
4718928
4720122
4721523
4722555
4723168
4723260
4723281
4723648
4724274
4725105
4725786
4726614
4727121
4727898
4729662
4729750
4731801
4732107
4732537
4733733
4733735
4733927
4734610
4734693
4734736
4735218
4735542
4735972
4736316
4736634
4736825
4737327
4737338
4738389
4739237
4739423
4739479
4739532
4740071
4740426
4740603
4740889
4741945
4742288
4742612
4742850
4743281
4743621
4744657
4745498
4746653
4747329
4748194
4748561
4748801
4749078
4749605
4749928
4749943
4750070
4750168
4750189
4751854
4751977
4752008
4752283
4753554
4753572
4754380
4754576
4755830
4755984
4756307
4757381
4758277
4758717
4758823
4759888
4760180
4760687
4760765
4761115
4761422
4762259
4763244
4763273
4763332
4763470
4763747
4763831
4764536
4766331
4766906
4767106
4767112
4767143
4767332
4768054
4768166
4768844
4768846
4769472
4769968
4770284
4770315
4770707
4770832
4773361
4774021
4774427
4775470
4775677
4775915
4776047
4776109
4776274
4776552
4776751
4776922
4777428
4777660
4778028
4778123
4778935
4779004
4779894
4780666
4781449
4781584
4782558
4784316
4784448
4784940
4785030
4787480
4788056
4788179
4788306
4788844
4789536
4789544
4790406
4790727
4791059
4791777
4792133
4792382
4792704
4792732
4793475
4794102
4795408
4795457
4796607
4797577
4798298
4798693
4798843
4798936
4800574
4800768
4801727
4802259
4802551
4803197
4804300
4804617
4804712
4804871
4805529
4805776
4806037
4806539
4808353
4808673
4809245
4809417
4810111
4811404
4811845
4812184
4813753
4814360
4815048
4815757
4815879
4816049
4816158
4816556
4817098
4817513
4818674
4819854
4820057
4820278
4821600
4821742
4821841
4821975
4821982
4822445
4822884
4822891
4822941
4823881
4824082
4824167
4824284
4824932
4825161
4826343
4826687
4828818
4829466
4829611
4830016
4830088
4830170
4832060
4832466
4832697
4832932
4833406
4834031
4834036
4834233
4834258
4834931
4835282
4835964
4836976
4838171
4839651
4841067
4841269
4842061
4842293
4842684
4842765
4842832
4842936
4843371
4843818
4843988
4845039
4845234
4845868
4846459
4846700
4846760
4846883
4847078
4848014
4848341
4848416
4849024
4849452
4849523
4849573
4850578
4851166
4851612
4851771
4852098
4852247
4852281
4852356
4852501
4852617
4853074
4853811
4853820
4854068
4855283
4856297
4857105
4857647
4858109
4858222
4858495
4859818
4859947
4859990
4860040
4861398
4861570
4861861
4862660
4863134
4863171
4863205
4865033
4865679
4866307
4867131
4867472
4868052
4869088
4870277
4870930
4871626
4871833
4872033
4872177
4874388
4874442
4874769
4875173
4875494
4875732
4875798
4876426
4876468
4877418
4878180
4878793
4878908
4879111
4879540
4879964
4880112
4880207
4880524
4880546
4881886
4882629
4882823
4883293
4884262
4884327
4885129
4886642
4887319
4887999
4888251
4888365
4888711
4889791
4890040
4890207
4890361
4890745
4890930
4891377
4891430
4892289
4892380
4893143
4893911
4894974
4895233
4895411
4895535
4895973
4896539
4897263
4898182
4898430
4898995
4899453
4899633
4900772
4900880
4901340
4901369
4901632
4902842
4903085
4903320
4903345
4904345
4904436
4905197
4906590
4906706
4906955
4907649
4908172
4908358
4908847
4908865
4909111
4909720
4910608
4911926
4912971
4913006
4913253
4913751
4914492
4914782
4914947
4916679
4916877
4917932
4918312
4918567
4919108
4920525
4921254
4921337
4921559
4921663
4921903
4921990
4922619
4923008
4923085
4923166
4923434
4923538
4923754
4923795
4924852
4925860
4926657
4927150
4927236
4927925
4928346
4928514
4928767
4928870
4929445
4929600
4929821
4931008
4931112
4931329
4932332
4932445
4932482
4933526
4933648
4933930
4934026
4934189
4934298
4935490
4937340
4937642
4939111
4939492
4940353
4941251
4941452
4941808
4942063
4942786
4942925
4943404
4943696
4943948
4945320
4945765
4946422
4946799
4948038
4948783
4949247
4949341
4949862
4950797
4950835
4950894
4951240
4951485
4951720
4951856
4952000
4952706
4953213
4953698
4953898
4954070
4955096
4955193
4955819
4956918
4957746
4958057
4958602
4958636
4958798
4959985
4960280
4960322
4961860
4962029
4962792
4963438
4963927
4964958
4965615
4967184
4969585
4970097
4970147
4970260
4970455
4970681
4971406
4971546
4971733
4971804
4972006
4972409
4972809
4972938
4972974
4973641
4973750
4973976
4973990
4975117
4975599
4976785
4977466
4978247
4979242
4980097
4980799
4981625
4982096
4982172
4982195
4983331
4984154
4984521
4984833
4985023
4985377
4985451
4985561
4986020
4986089
4986332
4986808
4986991
4987074
4987140
4987258
4987657
4987666
4988424
4988889
4989801
4989875
4990980
4991401
4992010
4992558
4992569
4992803
